adobe-source-han-sans-cn-fonts
adobe-source-han-sans-jp-fonts
adobe-source-han-sans-kr-fonts
adobe-source-sans-fonts
alsa-lib
alsa-plugins
alsa-utils
bluez
bluez-cups
bluez-tools
bluez-utils
cups
cups-pdf
ddclient
discord
dolphin-emu
fastfetch
firefox
gamemode
giflib
gnupg
gnutls
gst-plugins-base-libs
htop
jellyfin-ffmpeg
jellyfin-server
jellyfin-web
jre-openjdk
lib32-alsa-lib
lib32-alsa-plugins
lib32-gamemode
lib32-giflib
lib32-gnutls
lib32-gst-plugins-base-libs
lib32-gtk3
lib32-libgcrypt
lib32-libgpg-error
lib32-libjpeg-turbo
lib32-libldap
lib32-libpng
lib32-libpulse
lib32-libva
lib32-libxcomposite
lib32-libxinerama
lib32-libxslt
lib32-mangohud
lib32-mpg123
lib32-ncurses
lib32-ocl-icd
lib32-openal
lib32-opencl-icd-loader
lib32-pipewire
lib32-sqlite
lib32-v4l-utils
libgcrypt
libgpg-error
libinput
libjpeg-turbo
libldap
libpng
libpulse
libva
libxcomposite
libxinerama
libxslt
mangohud
mpc
mpd
mpd-mpris
mpg123
mpv
ncmpcpp
ncurses
nerd-fonts
networkmanager
noto-fonts-cjk
ocl-icd
openal
opencl-icd-loader
p7zip
pipewire
pipewire-alsa
pipewire-audio
pipewire-jack
pipewire-pulse
plymouth
rebuild-detector
reflector
retroarch
retroarch-assets-ozone
retroarch-assets-xmb
samba
sshfs
sqlite
steam
syncthing
system-config-printer
ttf-dejavu
ttf-droid
ttf-inconsolata
ttf-indic-otf
ttf-liberation
ufw
unrar
unzip
v4l-utils
wine-staging
wireplumber
xdg-user-dirs
xdg-utils
xorg
zip
zsh
zsh-autosuggestions
zsh-completions
zsh-syntax-highlighting
