baobab
dconf-editor
file-roller
gdm
geary
gnome-backgrounds
gnome-calculator
gnome-calendar
gnome-characters
gnome-color-manager
gnome-console
gnome-control-center
gnome-disk-utility
gnome-font-viewer
gnome-keyring
gnome-logs
gnome-menus
gnome-session
gnome-settings-daemon
gnome-shell
gnome-shell-extensions
gnome-system-monitor
gnome-text-editor
gnome-themes-extra
gnome-tweaks
gnome-user-docs
gnome-user-share
grilo-plugins
gvfs
gvfs-afc
gvfs-dnssd
gvfs-goa
gvfs-google
gvfs-gphoto2
gvfs-mtp
gvfs-nfs
gvfs-onedrive
gvfs-smb
gvfs-wsdd
loupe
nautilus
papers
seahorse
sushi
sysprof
tecla
xdg-desktop-portal-gnome
xdg-user-dirs-gtk
yelp
