alacritty
aquamarine
blueman
cliphist
file-roller
galculator
gnome-keyring
gtk3
gtk4
gvfs
gvfs-afc
gvfs-dnssd
gvfs-goa
gvfs-google
gvfs-gphoto2
gvfs-mtp
gvfs-nfs
gvfs-onedrive
gvfs-smb
gvfs-wsdd
hyprcursor
hyprgraphics
hypridle
hyprland
hyprland-qt-support
hyprland-qtutils
hyprlang
hyprlock
hyprpaper
hyprpicker
hyprpolkitagent
hyprsunset
hyprutils
nautilus
nerd-fonts
network-manager-applet
nwg-look
pipewire
qt5-wayland
qt5ct
qt6-wayland
qt6ct
ristretto
seahorse
swaync
uwsm
wireplumber
xdg-desktop-portal-hyprland
