bluez
bluez-tools
bluez-utils
btop
ddclient
dolphin-emu
fastfetch
gamemode
gnupg
jellyfin-ffmpeg
jellyfin-server
jellyfin-web
lib32-gamemode
lib32-mangohud
lib32-pipewire
libinput
mangohud
mpd
mpv
networkmanager
noto-fonts-cjk
p7zip
pipewire
pipewire-alsa
pipewire-audio
pipewire-jack
pipewire-pulse
plymouth
prismlauncher
rate-mirrors
rebuild-detector
retroarch
retroarch-assets-ozone
rmpc
sshfs
steam
system-config-printer
ttf-dejavu
ttf-liberation
ufw
unrar
unzip
wayland
wireplumber
xdg-user-dirs
xdg-utils
zip
zsh
zsh-autosuggestions
zsh-completions
zsh-syntax-highlighting
