ark
aurorae
bluedevil
breeze
breeze-cursors
breeze-gtk
dolphin
dolphin-plugins
drkonqi
ffmpegthumbs
gwenview
kactivitymanagerd
kalk
kate
kcharselect
kcolorchooser
kde-cli-tools
kde-gtk-config
kdecoration
kdegraphics-thumbnailers
kdenetwork-filesharing
kdeplasma-addons
kdialog
kfind
kgamma
kglobalacceld
kinfocenter
kio
kio-admin
kio-extras
kio-fuse
kio-gdrive
kio-zeroconf
kitty
kjournald
kmenuedit
kpat
kpipewire
kscreen
kscreenlocker
ksystemlog
ksystemstats
kwayland
kwin
kwrited
layer-shell-qt
libkscreen
libksysguard
libplasma
markdownpart
milou
ocean-sound-theme
okular
partitionmanager
plasma-activities
plasma-activities-stats
plasma-browser-integration
plasma-desktop
plasma-disks
plasma-firewall
plasma-integration
plasma-login-manager
plasma-nm
plasma-pa
plasma-systemmonitor
plasma-thunderbolt
plasma-workspace
plasma-workspace-wallpapers
plasma5support
plymouth
plymouth-kcm
polkit-kde-agent
powerdevil
spectacle
svgpart
systemsettings
xdg-desktop-portal-kde
